<?xml version="1.0" encoding="UTF-8"?>
<!-- Generated by org.testng.reporters.JUnitReportReporter -->
<testsuite hostname="CGI-D33403" name="com.AgileAutomationCI_Selenium.CI_Selenium.AppTest" tests="1" failures="0" timestamp="3 Feb 2017 21:57:51 GMT" time="10.023" errors="0">
  <testcase name="TC01_LoginValidation" time="10.023" classname="com.AgileAutomationCI_Selenium.CI_Selenium.AppTest"/>
</testsuite> <!-- com.AgileAutomationCI_Selenium.CI_Selenium.AppTest -->
